  main.c
C:\Users\khm\Documents\GitHub\gameprogramming\C\CStudy\Ch5\main.c(64,9): warning C4477: 'printf' : 서식 문자열 '%d'에 'int' 형식의 인수가 필요하지만 variadic 인수 1의 형식이 'size_t'입니다.
      C:\Users\khm\Documents\GitHub\gameprogramming\C\CStudy\Ch5\main.c(64,9):
      서식 문자열에서 '%zd'을(를) 사용하는 것이 좋습니다.
  
C:\Users\khm\Documents\GitHub\gameprogramming\C\CStudy\Ch5\main.c(65,9): warning C4477: 'printf' : 서식 문자열 '%d'에 'int' 형식의 인수가 필요하지만 variadic 인수 1의 형식이 'size_t'입니다.
      C:\Users\khm\Documents\GitHub\gameprogramming\C\CStudy\Ch5\main.c(65,9):
      서식 문자열에서 '%zd'을(를) 사용하는 것이 좋습니다.
  
C:\Users\khm\Documents\GitHub\gameprogramming\C\CStudy\Ch5\main.c(66,9): warning C4477: 'printf' : 서식 문자열 '%d'에 'int' 형식의 인수가 필요하지만 variadic 인수 1의 형식이 'size_t'입니다.
      C:\Users\khm\Documents\GitHub\gameprogramming\C\CStudy\Ch5\main.c(66,9):
      서식 문자열에서 '%zd'을(를) 사용하는 것이 좋습니다.
  
C:\Users\khm\Documents\GitHub\gameprogramming\C\CStudy\Ch5\main.c(71,9): warning C4477: 'printf' : 서식 문자열 '%d'에 'int' 형식의 인수가 필요하지만 variadic 인수 1의 형식이 'size_t'입니다.
      C:\Users\khm\Documents\GitHub\gameprogramming\C\CStudy\Ch5\main.c(71,9):
      서식 문자열에서 '%zd'을(를) 사용하는 것이 좋습니다.
  
C:\Users\khm\Documents\GitHub\gameprogramming\C\CStudy\Ch5\main.c(72,9): warning C4477: 'printf' : 서식 문자열 '%d'에 'int' 형식의 인수가 필요하지만 variadic 인수 1의 형식이 'size_t'입니다.
      C:\Users\khm\Documents\GitHub\gameprogramming\C\CStudy\Ch5\main.c(72,9):
      서식 문자열에서 '%zd'을(를) 사용하는 것이 좋습니다.
  
C:\Users\khm\Documents\GitHub\gameprogramming\C\CStudy\Ch5\main.c(110,12): warning C4552: '<=': 식의 결과가 사용되지 않습니다.
C:\Users\khm\Documents\GitHub\gameprogramming\C\CStudy\Ch5\main.c(130,9): warning C4477: 'printf' : 서식 문자열 '%f'에 'double' 형식의 인수가 필요하지만 variadic 인수 1의 형식이 'int'입니다.
C:\Users\khm\Documents\GitHub\gameprogramming\C\CStudy\Ch5\main.c(146,22): warning C4244: '초기화 중': 'double'에서 'int'(으)로 변환하면서 데이터가 손실될 수 있습니다.
  Ch5.vcxproj -> C:\Users\khm\Documents\GitHub\gameprogramming\C\CStudy\x64\Debug\Ch5.exe
